0 info it worked if it ends with ok
1 verbose cli [ '/usr/bin/node', '/usr/bin/npm', 'run', 'babel' ]
2 info using npm@3.10.10
3 info using node@v6.11.5
4 verbose run-script [ 'prebabel', 'babel', 'postbabel' ]
5 info lifecycle server@1.0.0~prebabel: server@1.0.0
6 silly lifecycle server@1.0.0~prebabel: no script for prebabel, continuing
7 info lifecycle server@1.0.0~babel: server@1.0.0
8 verbose lifecycle server@1.0.0~babel: unsafe-perm in lifecycle true
9 verbose lifecycle server@1.0.0~babel: PATH: /usr/lib/node_modules/npm/bin/node-gyp-bin:/home/rodolfosilva/workspace/raspadura/server/node_modules/.bin:/home/rodolfosilva/workspace/raspadura/server/node_modules/.bin:/home/rodolfosilva/.config/yarn/link/node_modules/.bin:/home/rodolfosilva/workspace/raspadura/server/node_modules/.bin:/home/rodolfosilva/.config/yarn/link/node_modules/.bin:/home/rodolfosilva/.yarn/bin:/usr/lib/node_modules/npm/bin/node-gyp-bin:/usr/bin/node_modules/npm/bin/node-gyp-bin:/usr/local/heroku/bin:/usr/local/heroku/bin:/usr/local/sbin:/usr/local/bin:/usr/sbin:/usr/bin:/sbin:/bin:/usr/games:/usr/local/games:/usr/lib/jvm/java-8-oracle/bin:/usr/lib/jvm/java-8-oracle/db/bin:/usr/lib/jvm/java-8-oracle/jre/bin:/home/rodolfosilva/Android/tools/:/home/rodolfosilva/Android/platform-tools/:/home/rodolfosilva/Android/tools/bin/:/home/rodolfosilva/Android/tools/:/home/rodolfosilva/Android/platform-tools/:/home/rodolfosilva/Android/tools/bin/
10 verbose lifecycle server@1.0.0~babel: CWD: /home/rodolfosilva/workspace/raspadura/server
11 silly lifecycle server@1.0.0~babel: Args: [ '-c', 'babel-node ./index.js' ]
12 silly lifecycle server@1.0.0~babel: Returned: code: 1  signal: null
13 info lifecycle server@1.0.0~babel: Failed to exec babel script
14 verbose stack Error: server@1.0.0 babel: `babel-node ./index.js`
14 verbose stack Exit status 1
14 verbose stack     at EventEmitter.<anonymous> (/usr/lib/node_modules/npm/lib/utils/lifecycle.js:255:16)
14 verbose stack     at emitTwo (events.js:106:13)
14 verbose stack     at EventEmitter.emit (events.js:191:7)
14 verbose stack     at ChildProcess.<anonymous> (/usr/lib/node_modules/npm/lib/utils/spawn.js:40:14)
14 verbose stack     at emitTwo (events.js:106:13)
14 verbose stack     at ChildProcess.emit (events.js:191:7)
14 verbose stack     at maybeClose (internal/child_process.js:920:16)
14 verbose stack     at Process.ChildProcess._handle.onexit (internal/child_process.js:230:5)
15 verbose pkgid server@1.0.0
16 verbose cwd /home/rodolfosilva/workspace/raspadura/server
17 error Linux 4.4.0-98-generic
18 error argv "/usr/bin/node" "/usr/bin/npm" "run" "babel"
19 error node v6.11.5
20 error npm  v3.10.10
21 error code ELIFECYCLE
22 error server@1.0.0 babel: `babel-node ./index.js`
22 error Exit status 1
23 error Failed at the server@1.0.0 babel script 'babel-node ./index.js'.
23 error Make sure you have the latest version of node.js and npm installed.
23 error If you do, this is most likely a problem with the server package,
23 error not with npm itself.
23 error Tell the author that this fails on your system:
23 error     babel-node ./index.js
23 error You can get information on how to open an issue for this project with:
23 error     npm bugs server
23 error Or if that isn't available, you can get their info via:
23 error     npm owner ls server
23 error There is likely additional logging output above.
24 verbose exit [ 1, true ]
